<?xml version="1.0" encoding="UTF-8"?>
<!-- Generated by org.testng.reporters.JUnitXMLReporter -->
<testsuite ignored="0" hostname="Gopis-MacBook-Pro-2.local" failures="1" tests="3" name="ParametersTest" time="63.162" errors="0" timestamp="2022-04-26T20:04:46 AEST">
  <testcase classname="testngprogrammes.DependsOnMethodsAndparametersTest" name="linkedinHomePageTest" time="36.38">
    <failure type="org.openqa.selenium.TimeoutException" message="Expected condition failed: waiting for title to be &amp;quot;LinkedIn Login, Sign in | LinkedIn1&amp;quot;. Current title: &amp;quot;LinkedIn Login, Sign in | LinkedIn&amp;quot; (tried for 30 second(s) with 500 milliseconds interval)
Build info: version: &amp;apos;4.1.2&amp;apos;, revision: &amp;apos;9a5a329c5a&amp;apos;
System info: host: &amp;apos;Gopis-MacBook-Pro-2.local&amp;apos;, ip: &amp;apos;fe80:0:0:0:d9:1d1f:64ac:db5d%en0&amp;apos;, os.name: &amp;apos;Mac OS X&amp;apos;, os.arch: &amp;apos;x86_64&amp;apos;, os.version: &amp;apos;12.2.1&amp;apos;, java.version: &amp;apos;17.0.2&amp;apos;
Driver info: org.openqa.selenium.chrome.ChromeDriver
Capabilities {acceptInsecureCerts: false, browserName: chrome, browserVersion: 100.0.4896.127, chrome: {chromedriverVersion: 100.0.4896.60 (6a5d10861ce8..., userDataDir: /var/folders/2j/fl67lngn0fl...}, goog:chromeOptions: {debuggerAddress: localhost:62862}, javascriptEnabled: true, networkConnectionEnabled: false, pageLoadStrategy: normal, platform: MAC, platformName: MAC, proxy: Proxy(), se:cdp: ws://localhost:62862/devtoo..., se:cdpVersion: 100.0.4896.127, setWindowRect: true, strictFileInteractability: false, timeouts: {implicit: 0, pageLoad: 300000, script: 30000}, unhandledPromptBehavior: dismiss and notify, webauthn:extension:credBlob: true, webauthn:extension:largeBlob: true, webauthn:virtualAuthenticators: true}
Session ID: 46db4d6d43fad73945191e72f0f6e775">
      <![CDATA[org.openqa.selenium.TimeoutException: Expected condition failed: waiting for title to be "LinkedIn Login, Sign in | LinkedIn1". Current title: "LinkedIn Login, Sign in | LinkedIn" (tried for 30 second(s) with 500 milliseconds interval)
Build info: version: '4.1.2', revision: '9a5a329c5a'
System info: host: 'Gopis-MacBook-Pro-2.local', ip: 'fe80:0:0:0:d9:1d1f:64ac:db5d%en0', os.name: 'Mac OS X', os.arch: 'x86_64', os.version: '12.2.1', java.version: '17.0.2'
Driver info: org.openqa.selenium.chrome.ChromeDriver
Capabilities {acceptInsecureCerts: false, browserName: chrome, browserVersion: 100.0.4896.127, chrome: {chromedriverVersion: 100.0.4896.60 (6a5d10861ce8..., userDataDir: /var/folders/2j/fl67lngn0fl...}, goog:chromeOptions: {debuggerAddress: localhost:62862}, javascriptEnabled: true, networkConnectionEnabled: false, pageLoadStrategy: normal, platform: MAC, platformName: MAC, proxy: Proxy(), se:cdp: ws://localhost:62862/devtoo..., se:cdpVersion: 100.0.4896.127, setWindowRect: true, strictFileInteractability: false, timeouts: {implicit: 0, pageLoad: 300000, script: 30000}, unhandledPromptBehavior: dismiss and notify, webauthn:extension:credBlob: true, webauthn:extension:largeBlob: true, webauthn:virtualAuthenticators: true}
Session ID: 46db4d6d43fad73945191e72f0f6e775
at org.openqa.selenium.support.ui.WebDriverWait.timeoutException(WebDriverWait.java:138)
at org.openqa.selenium.support.ui.FluentWait.until(FluentWait.java:231)
at testngprogrammes.DependsOnMethodsAndparametersTest.linkedinHomePageTest(DependsOnMethodsAndparametersTest.java:45)
at java.base/java.util.ArrayList.forEach(ArrayList.java:1511)
... Removed 27 stack frames]]>
    </failure>
  </testcase> <!-- linkedinHomePageTest -->
  <testcase classname="testngprogrammes.DependsOnMethodsAndparametersTest" name="doLoginTest" time="10.772"/>
  <testcase classname="testngprogrammes.DependsOnMethodsAndparametersTest" name="doLogoutTest" time="0.36"/>
</testsuite> <!-- ParametersTest -->
