<?xml version="1.0" encoding="UTF-8"?>
<!-- Generated by org.testng.reporters.JUnitXMLReporter -->
<testsuite ignored="0" hostname="Gopis-MacBook-Pro-2.local" failures="0" tests="5" name="ParallelClassesTestNGTest" time="8.395" errors="0" timestamp="2022-04-26T22:29:38 AEST">
  <testcase classname="testngprogrammes.GoogleSuggestionTest" name="@BeforeClass setUp" time="4.376">
    <failure type="java.lang.NullPointerException" message="Cannot invoke &amp;quot;org.openqa.selenium.WebDriver.manage()&amp;quot; because &amp;quot;this.driver&amp;quot; is null">
      <![CDATA[java.lang.NullPointerException: Cannot invoke "org.openqa.selenium.WebDriver.manage()" because "this.driver" is null
at testngprogrammes.GoogleSuggestionTest.setUp(GoogleSuggestionTest.java:106)
at java.base/java.util.ArrayList.forEach(ArrayList.java:1511)
... Removed 25 stack frames]]>
    </failure>
  </testcase> <!-- @BeforeClass setUp -->
  <testcase classname="testngprogrammes.GoogleSuggestionTest" name="@AfterClass afterClass" time="-1.650976174725E9">
    <skipped/>
  </testcase> <!-- @AfterClass afterClass -->
  <testcase classname="testngprogrammes.SelectSuggestionBykeysTest" name="@BeforeClass setUp" time="1.923">
    <failure type="java.lang.NullPointerException" message="Cannot invoke &amp;quot;org.openqa.selenium.WebDriver.manage()&amp;quot; because &amp;quot;this.driver&amp;quot; is null">
      <![CDATA[java.lang.NullPointerException: Cannot invoke "org.openqa.selenium.WebDriver.manage()" because "this.driver" is null
at testngprogrammes.SelectSuggestionBykeysTest.setUp(SelectSuggestionBykeysTest.java:107)
at java.base/java.util.ArrayList.forEach(ArrayList.java:1511)
... Removed 25 stack frames]]>
    </failure>
  </testcase> <!-- @BeforeClass setUp -->
  <testcase classname="testngprogrammes.SelectSuggestionBykeysTest" name="@AfterClass afterClass" time="-1.650976176673E9">
    <skipped/>
  </testcase> <!-- @AfterClass afterClass -->
  <testcase classname="testngprogrammes.DependsOnMethodsAndparametersTest" name="@BeforeClass setUp" time="1.97">
    <failure type="java.lang.NullPointerException" message="Cannot invoke &amp;quot;org.openqa.selenium.WebDriver.manage()&amp;quot; because &amp;quot;this.driver&amp;quot; is null">
      <![CDATA[java.lang.NullPointerException: Cannot invoke "org.openqa.selenium.WebDriver.manage()" because "this.driver" is null
at testngprogrammes.DependsOnMethodsAndparametersTest.setUp(DependsOnMethodsAndparametersTest.java:117)
at java.base/java.util.ArrayList.forEach(ArrayList.java:1511)
... Removed 25 stack frames]]>
    </failure>
  </testcase> <!-- @BeforeClass setUp -->
  <testcase classname="testngprogrammes.DependsOnMethodsAndparametersTest" name="@AfterClass afterClass" time="-1.650976178686E9">
    <skipped/>
  </testcase> <!-- @AfterClass afterClass -->
  <testcase classname="testngprogrammes.GoogleSuggestionTest" name="googleSuggestionTest" time="0.0">
    <skipped/>
  </testcase> <!-- googleSuggestionTest -->
  <testcase classname="testngprogrammes.SelectSuggestionBykeysTest" name="autoSuggestionBykeysTest" time="0.0">
    <skipped/>
  </testcase> <!-- autoSuggestionBykeysTest -->
  <testcase classname="testngprogrammes.DependsOnMethodsAndparametersTest" name="linkedinHomePageTest" time="0.0">
    <skipped/>
  </testcase> <!-- linkedinHomePageTest -->
  <testcase classname="testngprogrammes.DependsOnMethodsAndparametersTest" name="doLoginTest" time="0.0">
    <skipped/>
  </testcase> <!-- doLoginTest -->
  <testcase classname="testngprogrammes.DependsOnMethodsAndparametersTest" name="doLogoutTest" time="0.001">
    <skipped/>
  </testcase> <!-- doLogoutTest -->
</testsuite> <!-- ParallelClassesTestNGTest -->
